<?xml version="1.0" encoding="UTF-8"?>
<!-- Generated by org.testng.reporters.JUnitReportReporter -->
<testsuite hostname="L020HYDW10" name="sangeetha.MMS.stylegroup" tests="6" failures="0" timestamp="23 Jan 2020 01:05:57 GMT" time="23.454" errors="1">
  <testcase name="styleoptions" time="0.052" classname="sangeetha.MMS.stylegroup"/>
  <testcase name="headmenu" time="1.077" classname="sangeetha.MMS.stylegroup"/>
  <testcase name="case1" time="7.554" classname="sangeetha.MMS.stylegroup"/>
  <testcase name="myqueue" time="0.003" classname="sangeetha.MMS.stylegroup"/>
  <testcase name="submitmenu" time="13.568" classname="sangeetha.MMS.stylegroup">
    <error type="java.lang.AssertionError" message="expected [https://cyborgdev.sageit.us/mms/processqueue.php] but found [https://cyborgdev.sageit.us/mmsv1/createqueue.php]">
      <![CDATA[java.lang.AssertionError: expected [https://cyborgdev.sageit.us/mms/processqueue.php] but found [https://cyborgdev.sageit.us/mmsv1/createqueue.php]
	at org.testng.Assert.fail(Assert.java:94)
	at org.testng.Assert.failNotEquals(Assert.java:494)
	at org.testng.Assert.assertEquals(Assert.java:123)
	at org.testng.Assert.assertEquals(Assert.java:176)
	at org.testng.Assert.assertEquals(Assert.java:186)
	at sangeetha.MMS.stylegroup.submitmenu(stylegroup.java:51)
	at sun.reflect.NativeMethodAccessorImpl.invoke0(Native Method)
	at sun.reflect.NativeMethodAccessorImpl.invoke(Unknown Source)
	at sun.reflect.DelegatingMethodAccessorImpl.invoke(Unknown Source)
	at java.lang.reflect.Method.invoke(Unknown Source)
	at org.testng.internal.MethodInvocationHelper.invokeMethod(MethodInvocationHelper.java:80)
	at org.testng.internal.Invoker.invokeMethod(Invoker.java:714)
	at org.testng.internal.Invoker.invokeTestMethod(Invoker.java:901)
	at org.testng.internal.Invoker.invokeTestMethods(Invoker.java:1231)
	at org.testng.internal.TestMethodWorker.invokeTestMethods(TestMethodWorker.java:127)
	at org.testng.internal.TestMethodWorker.run(TestMethodWorker.java:111)
	at org.testng.TestRunner.privateRun(TestRunner.java:767)
	at org.testng.TestRunner.run(TestRunner.java:617)
	at org.testng.SuiteRunner.runTest(SuiteRunner.java:334)
	at org.testng.SuiteRunner.runSequentially(SuiteRunner.java:329)
	at org.testng.SuiteRunner.privateRun(SuiteRunner.java:291)
	at org.testng.SuiteRunner.run(SuiteRunner.java:240)
	at org.testng.SuiteRunnerWorker.runSuite(SuiteRunnerWorker.java:52)
	at org.testng.SuiteRunnerWorker.run(SuiteRunnerWorker.java:86)
	at org.testng.TestNG.runSuitesSequentially(TestNG.java:1198)
	at org.testng.TestNG.runSuitesLocally(TestNG.java:1123)
	at org.testng.TestNG.run(TestNG.java:1031)
	at org.testng.remote.AbstractRemoteTestNG.run(AbstractRemoteTestNG.java:115)
	at org.testng.remote.RemoteTestNG.initAndRun(RemoteTestNG.java:251)
	at org.testng.remote.RemoteTestNG.main(RemoteTestNG.java:77)
]]>
    </error>
  </testcase> <!-- submitmenu -->
  <testcase name="json" time="1.200" classname="sangeetha.MMS.stylegroup"/>
</testsuite> <!-- sangeetha.MMS.stylegroup -->
